processed dir: C:\River\Code\BarcodeScanner\Site
processed dir: C:\River\Code\BarcodeScanner\Site\$SITE$_old
processed dir: C:\River\Code\BarcodeScanner\Site\BarcodeScanner
processed dir: C:\River\Code\BarcodeScanner\Site\bin
processed dir: C:\River\Code\BarcodeScanner\Site\CommonResources
processed dir: C:\River\Code\BarcodeScanner\Site\obj
processed dir: C:\River\Code\BarcodeScanner\Site\Properties
processed file: C:\River\Code\BarcodeScanner\Site\Site.csproj
processed dir: C:\River\Code\BarcodeScanner\Site\$SITE$_old\Viewers
processed dir: C:\River\Code\BarcodeScanner\Site\$SITE$_old\Viewers\$SITE$_hv
processed dir: C:\River\Code\BarcodeScanner\Site\$SITE$_old\Viewers\$SITE$_sv
processed dir: C:\River\Code\BarcodeScanner\Site\$SITE$_old\Viewers\$SITE$_hv\VirtualDirectory
processed dir: C:\River\Code\BarcodeScanner\Site\$SITE$_old\Viewers\$SITE$_hv\VirtualDirectory\Management
processed dir: C:\River\Code\BarcodeScanner\Site\$SITE$_old\Viewers\$SITE$_hv\VirtualDirectory\Resources
processed dir: C:\River\Code\BarcodeScanner\Site\$SITE$_old\Viewers\$SITE$_hv\VirtualDirectory\Management\Config
processed dir: C:\River\Code\BarcodeScanner\Site\$SITE$_old\Viewers\$SITE$_hv\VirtualDirectory\Resources\Config
processed dir: C:\River\Code\BarcodeScanner\Site\$SITE$_old\Viewers\$SITE$_hv\VirtualDirectory\Resources\Images
processed dir: C:\River\Code\BarcodeScanner\Site\$SITE$_old\Viewers\$SITE$_hv\VirtualDirectory\Resources\Styles
processed dir: C:\River\Code\BarcodeScanner\Site\$SITE$_old\Viewers\$SITE$_hv\VirtualDirectory\Resources\Config\Default
processed dir: C:\River\Code\BarcodeScanner\Site\$SITE$_old\Viewers\$SITE$_hv\VirtualDirectory\Resources\Images\Custom
processed dir: C:\River\Code\BarcodeScanner\Site\$SITE$_old\Viewers\$SITE$_hv\VirtualDirectory\Resources\Styles\Custom
processed dir: C:\River\Code\BarcodeScanner\Site\$SITE$_old\Viewers\$SITE$_sv\VirtualDirectory
processed dir: C:\River\Code\BarcodeScanner\Site\$SITE$_old\Viewers\$SITE$_sv\VirtualDirectory\Config
processed dir: C:\River\Code\BarcodeScanner\Site\$SITE$_old\Viewers\$SITE$_sv\VirtualDirectory\Resources
processed dir: C:\River\Code\BarcodeScanner\Site\$SITE$_old\Viewers\$SITE$_sv\VirtualDirectory\Resources\Images
processed file: C:\River\Code\BarcodeScanner\Site\BarcodeScanner\Site.xml
processed dir: C:\River\Code\BarcodeScanner\Site\BarcodeScanner\Viewers
processed dir: C:\River\Code\BarcodeScanner\Site\BarcodeScanner\Viewers\BarcodeScanner_hv
processed dir: C:\River\Code\BarcodeScanner\Site\BarcodeScanner\Viewers\BarcodeScanner_hv\VirtualDirectory
processed dir: C:\River\Code\BarcodeScanner\Site\BarcodeScanner\Viewers\BarcodeScanner_hv\VirtualDirectory\Management
processed dir: C:\River\Code\BarcodeScanner\Site\BarcodeScanner\Viewers\BarcodeScanner_hv\VirtualDirectory\Resources
processed dir: C:\River\Code\BarcodeScanner\Site\BarcodeScanner\Viewers\BarcodeScanner_hv\VirtualDirectory\Management\Config
processed file: C:\River\Code\BarcodeScanner\Site\BarcodeScanner\Viewers\BarcodeScanner_hv\VirtualDirectory\Management\Config\Meta.json.js
processed dir: C:\River\Code\BarcodeScanner\Site\BarcodeScanner\Viewers\BarcodeScanner_hv\VirtualDirectory\Resources\Config
processed dir: C:\River\Code\BarcodeScanner\Site\BarcodeScanner\Viewers\BarcodeScanner_hv\VirtualDirectory\Resources\Images
processed dir: C:\River\Code\BarcodeScanner\Site\BarcodeScanner\Viewers\BarcodeScanner_hv\VirtualDirectory\Resources\Styles
processed file: C:\River\Code\BarcodeScanner\Site\BarcodeScanner\Viewers\BarcodeScanner_hv\VirtualDirectory\Resources\Config\CacheManifestConfig.xml
processed dir: C:\River\Code\BarcodeScanner\Site\BarcodeScanner\Viewers\BarcodeScanner_hv\VirtualDirectory\Resources\Config\Default
processed file: C:\River\Code\BarcodeScanner\Site\BarcodeScanner\Viewers\BarcodeScanner_hv\VirtualDirectory\Resources\Config\OfflineManifestParameters.xml
processed file: C:\River\Code\BarcodeScanner\Site\BarcodeScanner\Viewers\BarcodeScanner_hv\VirtualDirectory\Resources\Config\Default\Desktop.json.js
processed file: C:\River\Code\BarcodeScanner\Site\BarcodeScanner\Viewers\BarcodeScanner_hv\VirtualDirectory\Resources\Config\Default\Desktop.Preview.json.js
processed file: C:\River\Code\BarcodeScanner\Site\BarcodeScanner\Viewers\BarcodeScanner_hv\VirtualDirectory\Resources\Config\Default\Handheld.json.js
processed file: C:\River\Code\BarcodeScanner\Site\BarcodeScanner\Viewers\BarcodeScanner_hv\VirtualDirectory\Resources\Config\Default\Handheld.Preview.json.js
processed file: C:\River\Code\BarcodeScanner\Site\BarcodeScanner\Viewers\BarcodeScanner_hv\VirtualDirectory\Resources\Config\Default\Tablet.json.js
processed file: C:\River\Code\BarcodeScanner\Site\BarcodeScanner\Viewers\BarcodeScanner_hv\VirtualDirectory\Resources\Config\Default\Tablet.Preview.json.js
processed file: C:\River\Code\BarcodeScanner\Site\BarcodeScanner\Viewers\BarcodeScanner_hv\VirtualDirectory\Resources\Config\Default\_Example_Snippets.json.js
processed file: C:\River\Code\BarcodeScanner\Site\BarcodeScanner\Viewers\BarcodeScanner_hv\VirtualDirectory\Resources\Images\banner-background.png
processed file: C:\River\Code\BarcodeScanner\Site\BarcodeScanner\Viewers\BarcodeScanner_hv\VirtualDirectory\Resources\Images\banner-logo.png
processed dir: C:\River\Code\BarcodeScanner\Site\BarcodeScanner\Viewers\BarcodeScanner_hv\VirtualDirectory\Resources\Images\Custom
processed file: C:\River\Code\BarcodeScanner\Site\BarcodeScanner\Viewers\BarcodeScanner_hv\VirtualDirectory\Resources\Images\Custom\README.txt
processed dir: C:\River\Code\BarcodeScanner\Site\BarcodeScanner\Viewers\BarcodeScanner_hv\VirtualDirectory\Resources\Styles\Custom
processed file: C:\River\Code\BarcodeScanner\Site\BarcodeScanner\Viewers\BarcodeScanner_hv\VirtualDirectory\Resources\Styles\Custom\Desktop.css
processed file: C:\River\Code\BarcodeScanner\Site\BarcodeScanner\Viewers\BarcodeScanner_hv\VirtualDirectory\Resources\Styles\Custom\Handheld.css
processed file: C:\River\Code\BarcodeScanner\Site\BarcodeScanner\Viewers\BarcodeScanner_hv\VirtualDirectory\Resources\Styles\Custom\Tablet.css
processed dir: C:\River\Code\BarcodeScanner\Site\bin\Debug
processed dir: C:\River\Code\BarcodeScanner\Site\CommonResources\Schneider
processed dir: C:\River\Code\BarcodeScanner\Site\obj\Debug
processed file: C:\River\Code\BarcodeScanner\Site\obj\Debug\DesignTimeResolveAssemblyReferencesInput.cache
processed file: C:\River\Code\BarcodeScanner\Site\obj\Debug\TemporaryGeneratedFile_036C0B5B-1481-4323-8D20-8F5ADCB23D92.cs
processed file: C:\River\Code\BarcodeScanner\Site\obj\Debug\TemporaryGeneratedFile_5937a670-0e60-4077-877b-f7221da3dda1.cs
processed file: C:\River\Code\BarcodeScanner\Site\obj\Debug\TemporaryGeneratedFile_E7A71F73-0F8D-4B9B-B56E-8E70B10BC5D3.cs
processed dir: C:\River\Code\BarcodeScanner\Site\obj\Debug\TempPE
processed file: C:\River\Code\BarcodeScanner\Site\Properties\AssemblyInfo.cs
